<?xml version="1.0" encoding="UTF-8"?>
<!-- Generated by org.testng.reporters.JUnitXMLReporter -->
<testsuite ignored="6" hostname="DESKTOP-3QI0V75" failures="2" tests="3" name="Surefire test" time="3.005" errors="0" timestamp="2026-01-17T21:24:31 IST">
  <testcase classname="test.DashboardTest" name="verifyTheDahshboardMenu" time="0.0">
    <failure type="org.testng.TestNGException" message="
Method public void test.DashboardTest.verifyTheDahshboardMenu(java.lang.String) requires a @DataProvider named : getDashboardData">
      <![CDATA[org.testng.TestNGException: 
Method public void test.DashboardTest.verifyTheDahshboardMenu(java.lang.String) requires a @DataProvider named : getDashboardData
at java.base/java.util.ArrayList.forEach(ArrayList.java:1604)
... Removed 29 stack frames]]>
    </failure>
  </testcase> <!-- verifyTheDahshboardMenu -->
  <testcase classname="test.LoginTest" name="loginTobankAccount" time="0.771">
    <failure type="java.lang.NullPointerException" message="Cannot invoke &amp;quot;com.aventstack.extentreports.ExtentTest.info(String)&amp;quot; because the return value of &amp;quot;utils.ExtentManager.getTest()&amp;quot; is null">
      <![CDATA[java.lang.NullPointerException: Cannot invoke "com.aventstack.extentreports.ExtentTest.info(String)" because the return value of "utils.ExtentManager.getTest()" is null
at utils.ExtentManager.logStep(ExtentManager.java:40)
at page.LoginPage.performLogin(LoginPage.java:25)
at test.LoginTest.loginTobankAccount(LoginTest.java:43)
at java.base/java.util.ArrayList.forEach(ArrayList.java:1604)
... Removed 30 stack frames]]>
    </failure>
  </testcase> <!-- loginTobankAccount -->
  <testcase classname="test.RegisterTest" name="VerifyRegistration" time="1.182"/>
  <testcase classname="test.BaseTest" name="@AfterSuite tearDown" time="0.0">
    <ignored/>
  </testcase> <!-- @AfterSuite tearDown -->
  <testcase classname="test.BaseTest" name="@AfterSuite tearDown" time="0.0">
    <ignored/>
  </testcase> <!-- @AfterSuite tearDown -->
  <testcase classname="test.BaseTest" name="@AfterSuite tearDown" time="0.0">
    <ignored/>
  </testcase> <!-- @AfterSuite tearDown -->
  <testcase classname="test.BaseTest" name="@BeforeSuite setup" time="0.0">
    <ignored/>
  </testcase> <!-- @BeforeSuite setup -->
  <testcase classname="test.BaseTest" name="@BeforeSuite setup" time="0.0">
    <ignored/>
  </testcase> <!-- @BeforeSuite setup -->
  <testcase classname="test.BaseTest" name="@BeforeSuite setup" time="0.0">
    <ignored/>
  </testcase> <!-- @BeforeSuite setup -->
</testsuite> <!-- Surefire test -->
